-------------------------------------------------------------------------------
Test set: order.OrderTest
-------------------------------------------------------------------------------
Tests run: 4, Failures: 4, Errors: 0, Skipped: 0, Time elapsed: 0.884 sec <<< FAILURE! - in order.OrderTest
testCreateOrder[0](order.OrderTest)  Time elapsed: 0.252 sec  <<< FAILURE!
java.lang.AssertionError: 
1 expectation failed.
Expected status code <200> but was <400>.

	at order.OrderTest.deleteOrder(OrderTest.java:55)

testCreateOrder[1](order.OrderTest)  Time elapsed: 0.208 sec  <<< FAILURE!
java.lang.AssertionError: 
1 expectation failed.
Expected status code <200> but was <400>.

	at order.OrderTest.deleteOrder(OrderTest.java:55)

testCreateOrder[2](order.OrderTest)  Time elapsed: 0.185 sec  <<< FAILURE!
java.lang.AssertionError: 
1 expectation failed.
Expected status code <200> but was <400>.

	at order.OrderTest.deleteOrder(OrderTest.java:55)

testCreateOrder[3](order.OrderTest)  Time elapsed: 0.237 sec  <<< FAILURE!
java.lang.AssertionError: 
1 expectation failed.
Expected status code <200> but was <400>.

	at order.OrderTest.deleteOrder(OrderTest.java:55)

