<?xml version="1.0" encoding="UTF-8"?>
<testsuite xmlns:xsi="http://www.w3.org/2001/XMLSchema-instance" xsi:noNamespaceSchemaLocation="https://maven.apache.org/surefire/maven-surefire-plugin/xsd/surefire-test-report.xsd" name="courier.CourierTest" time="7.043" tests="3" errors="0" skipped="0" failures="0">
  <properties>
[...]
</properties>
  <testcase name="testCreateCourierWithExistingLogin" classname="courier.CourierTest" time="5.271"/>
  <testcase name="createCourier" classname="courier.CourierTest" time="0.632"/>
  <testcase name="testCreateDuplicateCourier" classname="courier.CourierTest" time="0.856"/>
</testsuite>