<?xml version="1.0" encoding="UTF-8"?>
<testsuite xmlns:xsi="http://www.w3.org/2001/XMLSchema-instance" xsi:schemaLocation="https://maven.apache.org/surefire/maven-surefire-plugin/xsd/surefire-test-report.xsd" name="order.OrderTest" time="0.963" tests="8" errors="0" skipped="0" failures="2">
  <properties>
[...]
</properties>
  <testcase name="deleteOrder[0]" classname="order.OrderTest" time="0.092">
    <failure message="1 expectation failed.&#10;Expected status code &lt;201&gt; but was &lt;400&gt;.&#10;" type="java.lang.AssertionError"><![CDATA[java.lang.AssertionError: 
1 expectation failed.
Expected status code <201> but was <400>.

	at order.OrderTest.deleteOrder(OrderTest.java:82)
]]></failure>
  </testcase>
  <testcase name="createOrderWithOneColor[0]" classname="order.OrderTest" time="0.143"/>
  <testcase name="testCreateOrderWithBothColor[0]" classname="order.OrderTest" time="0.104"/>
  <testcase name="testCreateOrderWithoutColor[0]" classname="order.OrderTest" time="0.08"/>
  <testcase name="deleteOrder[1]" classname="order.OrderTest" time="0.098">
    <failure message="1 expectation failed.&#10;Expected status code &lt;201&gt; but was &lt;400&gt;.&#10;" type="java.lang.AssertionError"><![CDATA[java.lang.AssertionError: 
1 expectation failed.
Expected status code <201> but was <400>.

	at order.OrderTest.deleteOrder(OrderTest.java:82)
]]></failure>
  </testcase>
  <testcase name="createOrderWithOneColor[1]" classname="order.OrderTest" time="0.145"/>
  <testcase name="testCreateOrderWithBothColor[1]" classname="order.OrderTest" time="0.178"/>
  <testcase name="testCreateOrderWithoutColor[1]" classname="order.OrderTest" time="0.123"/>
</testsuite>