<?xml version="1.0" encoding="UTF-8"?>
<testsuite xmlns:xsi="http://www.w3.org/2001/XMLSchema-instance" xsi:schemaLocation="https://maven.apache.org/surefire/maven-surefire-plugin/xsd/surefire-test-report.xsd" name="courier.CourierTest" time="3.902" tests="5" errors="0" skipped="0" failures="2">
  <properties>
[...]
</properties>
  <testcase name="testCreateCourierWithExistingLogin" classname="courier.CourierTest" time="3.051"/>
  <testcase name="createCourier" classname="courier.CourierTest" time="0.248">
    <failure message="1 expectation failed.&#10;Expected status code &lt;201&gt; but was &lt;409&gt;.&#10;" type="java.lang.AssertionError"><![CDATA[java.lang.AssertionError: 
1 expectation failed.
Expected status code <201> but was <409>.

	at courier.CourierTest.createCourier(CourierTest.java:27)
]]></failure>
    <system-out><![CDATA[Request method:	POST
Request URI:	https://qa-scooter.praktikum-services.ru/api/v1/courier
Proxy:			<none>
Request params:	<none>
Query params:	<none>
Form params:	<none>
Path params:	<none>
Headers:		Accept=*/*
				Content-Type=application/json
Cookies:		<none>
Multiparts:		<none>
Body:
{
    "login": "n1212",
    "password": "1234",
    "firstName": "saske"
}
HTTP/1.1 409 Conflict
Access-Control-Allow-Origin: *
Content-Length: 112
Content-Type: application/json; charset=utf-8
Date: Sun, 08 Oct 2023 18:21:36 GMT
ETag: W/"70-sLG1ZktNk+Ab3iaKUMwxkdL4FJo"
Set-Cookie: _yasc=qlqXYRPMiVSzZH3GVV4Un3hVKc5D3WJSPxfHNxr1BwNIr62ubCMO7G6nkcG7Ij3TpA==; domain=.praktikum-services.ru; path=/; expires=Wed, 05 Oct 2033 18:21:36 GMT; secure
X-Powered-By: Express
X-Request-Id: 1696789296935632-1216357278644418575

{
    "code": 409,
    "message": "Этот логин уже используется. Попробуйте другой."
}
]]></system-out>
  </testcase>
  <testcase name="testAvtorizationCourierWithMissingFields" classname="courier.CourierTest" time="0.161"/>
  <testcase name="deleteCourier" classname="courier.CourierTest" time="0.188">
    <failure message="1 expectation failed.&#10;Expected status code &lt;201&gt; but was &lt;404&gt;.&#10;" type="java.lang.AssertionError"><![CDATA[java.lang.AssertionError: 
1 expectation failed.
Expected status code <201> but was <404>.

	at courier.CourierTest.deleteCourier(CourierTest.java:99)
]]></failure>
    <system-out><![CDATA[Request method:	PUT
Request URI:	https://qa-scooter.praktikum-services.ru/api/v1/courier/cancel
Proxy:			<none>
Request params:	<none>
Query params:	<none>
Form params:	<none>
Path params:	<none>
Headers:		Accept=*/*
				Content-Type=application/json
Cookies:		<none>
Multiparts:		<none>
Body:
{
    "login": "n1212",
    "password": "1234",
    "firstName": "saske"
}
HTTP/1.1 404 Not Found
Access-Control-Allow-Origin: *
Content-Length: 35
Content-Type: application/json; charset=utf-8
Date: Sun, 08 Oct 2023 18:21:37 GMT
ETag: W/"23-Yvz185z7FSkcImycPnr136En0mc"
Set-Cookie: _yasc=i62oxthApYVHU5AjjFWwYPZfKme2zhHgzs6Xz89A6VyG9mTv4UZ5sEkmJ5uxn8MpjQ==; domain=.praktikum-services.ru; path=/; expires=Wed, 05 Oct 2033 18:21:37 GMT; secure
X-Powered-By: Express
X-Request-Id: 1696789297354431-5083235736032214649

{
    "code": 404,
    "message": "Not Found."
}
]]></system-out>
  </testcase>
  <testcase name="testCreateDuplicateCourier" classname="courier.CourierTest" time="0.193"/>
</testsuite>